0 info it worked if it ends with ok
1 verbose cli [ '/home/ubuntu/.nvm/versions/node/v7.7.4/bin/node',
1 verbose cli   '/home/ubuntu/.nvm/versions/node/v7.7.4/bin/npm',
1 verbose cli   'publish' ]
2 info using npm@4.1.2
3 info using node@v7.7.4
4 verbose publish [ '.' ]
5 silly cache add args [ '.', null ]
6 verbose cache add spec .
7 silly cache add parsed spec Result {
7 silly cache add   raw: '.',
7 silly cache add   scope: null,
7 silly cache add   escapedName: null,
7 silly cache add   name: null,
7 silly cache add   rawSpec: '.',
7 silly cache add   spec: '/home/ubuntu/workspace/clase/ull-shape-jairo',
7 silly cache add   type: 'directory' }
8 verbose addLocalDirectory /home/ubuntu/.npm/@alu0100813272/ull-shape-jairo/1.0.0/package.tgz not in flight; packing
9 verbose correctMkdir /home/ubuntu/.npm correctMkdir not in flight; initializing
10 info lifecycle @alu0100813272/ull-shape-jairo@1.0.0~prepublish: @alu0100813272/ull-shape-jairo@1.0.0
11 silly lifecycle @alu0100813272/ull-shape-jairo@1.0.0~prepublish: no script for prepublish, continuing
12 info lifecycle @alu0100813272/ull-shape-jairo@1.0.0~prepare: @alu0100813272/ull-shape-jairo@1.0.0
13 silly lifecycle @alu0100813272/ull-shape-jairo@1.0.0~prepare: no script for prepare, continuing
14 verbose tar pack [ '/home/ubuntu/.npm/@alu0100813272/ull-shape-jairo/1.0.0/package.tgz',
14 verbose tar pack   '/home/ubuntu/workspace/clase/ull-shape-jairo' ]
15 verbose tarball /home/ubuntu/.npm/@alu0100813272/ull-shape-jairo/1.0.0/package.tgz
16 verbose folder /home/ubuntu/workspace/clase/ull-shape-jairo
17 verbose addLocalTarball adding from inside cache /home/ubuntu/.npm/@alu0100813272/ull-shape-jairo/1.0.0/package.tgz
18 verbose correctMkdir /home/ubuntu/.npm correctMkdir not in flight; initializing
19 silly cache afterAdd @alu0100813272/ull-shape-jairo@1.0.0
20 verbose afterAdd /home/ubuntu/.npm/@alu0100813272/ull-shape-jairo/1.0.0/package/package.json not in flight; writing
21 verbose correctMkdir /home/ubuntu/.npm correctMkdir not in flight; initializing
22 verbose afterAdd /home/ubuntu/.npm/@alu0100813272/ull-shape-jairo/1.0.0/package/package.json written
23 silly publish { name: '@alu0100813272/ull-shape-jairo',
23 silly publish   version: '1.0.0',
23 silly publish   description: 'shape',
23 silly publish   main: 'index.js',
23 silly publish   scripts: { test: 'echo "Error: no test specified" && exit 1' },
23 silly publish   repository:
23 silly publish    { type: 'git',
23 silly publish      url: 'git+https://github.com/ULL-ESIT-DSI-1617/ull-shape-jairo.git' },
23 silly publish   author: '',
23 silly publish   license: 'ISC',
23 silly publish   bugs: { url: 'https://github.com/ULL-ESIT-DSI-1617/ull-shape-jairo/issues' },
23 silly publish   homepage: 'https://github.com/ULL-ESIT-DSI-1617/ull-shape-jairo#readme',
23 silly publish   gitHead: 'd1b2b1326729c0c05ed279dc843a9c9c08a37cad',
23 silly publish   readme: 'ERROR: No README data found!',
23 silly publish   _id: '@alu0100813272/ull-shape-jairo@1.0.0',
23 silly publish   _shasum: '564c92cbc8ac53c34bab3b9f5a86aa1e67a7c963',
23 silly publish   _from: '.' }
24 info lifecycle @alu0100813272/ull-shape-jairo@1.0.0~prepublishOnly: @alu0100813272/ull-shape-jairo@1.0.0
25 silly lifecycle @alu0100813272/ull-shape-jairo@1.0.0~prepublishOnly: no script for prepublishOnly, continuing
26 verbose getPublishConfig undefined
27 silly mapToRegistry name @alu0100813272/ull-shape-jairo
28 silly mapToRegistry scope (from package name) @alu0100813272
29 verbose mapToRegistry no registry URL found in name for scope @alu0100813272
30 silly mapToRegistry using default registry
31 silly mapToRegistry registry https://registry.npmjs.org/
32 silly mapToRegistry data Result {
32 silly mapToRegistry   raw: '@alu0100813272/ull-shape-jairo',
32 silly mapToRegistry   scope: '@alu0100813272',
32 silly mapToRegistry   escapedName: '@alu0100813272%2full-shape-jairo',
32 silly mapToRegistry   name: '@alu0100813272/ull-shape-jairo',
32 silly mapToRegistry   rawSpec: '',
32 silly mapToRegistry   spec: 'latest',
32 silly mapToRegistry   type: 'tag' }
33 silly mapToRegistry uri https://registry.npmjs.org/@alu0100813272%2full-shape-jairo
34 verbose publish registryBase https://registry.npmjs.org/
35 silly publish uploading /home/ubuntu/.npm/@alu0100813272/ull-shape-jairo/1.0.0/package.tgz
36 verbose request uri https://registry.npmjs.org/@alu0100813272%2full-shape-jairo
37 verbose request sending authorization for write operation
38 info attempt registry request try #1 at 9:11:52 AM
39 verbose request using bearer token for auth
40 verbose request id 4477d98caad27bc9
41 http request PUT https://registry.npmjs.org/@alu0100813272%2full-shape-jairo
42 http 402 https://registry.npmjs.org/@alu0100813272%2full-shape-jairo
43 verbose headers { 'content-type': 'application/json',
43 verbose headers   'cache-control': 'max-age=0',
43 verbose headers   'content-length': '119',
43 verbose headers   'accept-ranges': 'bytes',
43 verbose headers   date: 'Mon, 24 Apr 2017 09:11:53 GMT',
43 verbose headers   via: '1.1 varnish',
43 verbose headers   connection: 'keep-alive',
43 verbose headers   'x-served-by': 'cache-lhr6341-LHR',
43 verbose headers   'x-cache': 'MISS',
43 verbose headers   'x-cache-hits': '0',
43 verbose headers   'x-timer': 'S1493025113.521855,VS0,VE1119' }
44 verbose request invalidating /home/ubuntu/.npm/registry.npmjs.org/_40alu0100813272_252full-shape-jairo on PUT
45 error publish Failed PUT 402
46 verbose stack Error: You need a paid account to perform this action. For more info, visit: https://www.npmjs.com/private-modules : @alu0100813272/ull-shape-jairo
46 verbose stack     at makeError (/home/ubuntu/.nvm/versions/node/v7.7.4/lib/node_modules/npm/node_modules/npm-registry-client/lib/request.js:304:12)
46 verbose stack     at CachingRegistryClient.<anonymous> (/home/ubuntu/.nvm/versions/node/v7.7.4/lib/node_modules/npm/node_modules/npm-registry-client/lib/request.js:292:14)
46 verbose stack     at Request._callback (/home/ubuntu/.nvm/versions/node/v7.7.4/lib/node_modules/npm/node_modules/npm-registry-client/lib/request.js:212:14)
46 verbose stack     at Request.self.callback (/home/ubuntu/.nvm/versions/node/v7.7.4/lib/node_modules/npm/node_modules/request/request.js:186:22)
46 verbose stack     at emitTwo (events.js:106:13)
46 verbose stack     at Request.emit (events.js:194:7)
46 verbose stack     at Request.<anonymous> (/home/ubuntu/.nvm/versions/node/v7.7.4/lib/node_modules/npm/node_modules/request/request.js:1081:10)
46 verbose stack     at emitOne (events.js:96:13)
46 verbose stack     at Request.emit (events.js:191:7)
46 verbose stack     at IncomingMessage.<anonymous> (/home/ubuntu/.nvm/versions/node/v7.7.4/lib/node_modules/npm/node_modules/request/request.js:1001:12)
47 verbose statusCode 402
48 verbose pkgid @alu0100813272/ull-shape-jairo
49 verbose cwd /home/ubuntu/workspace/clase/ull-shape-jairo
50 error Linux 4.9.17-c9
51 error argv "/home/ubuntu/.nvm/versions/node/v7.7.4/bin/node" "/home/ubuntu/.nvm/versions/node/v7.7.4/bin/npm" "publish"
52 error node v7.7.4
53 error npm  v4.1.2
54 error code E402
55 error You need a paid account to perform this action. For more info, visit: https://www.npmjs.com/private-modules : @alu0100813272/ull-shape-jairo
56 error If you need help, you may report this error at:
56 error     <https://github.com/npm/npm/issues>
57 verbose exit [ 1, true ]
